<?xml version='1.0' encoding='UTF-8'?>
<testsuite name="Cucumber" time="16.573" tests="1" skipped="0" failures="0" errors="0">
<testcase classname="Acessar página inicial" name="Preencher formulario no site QuartiTestes" time="14.445">
<system-out><![CDATA[
Given que o usuário acessa a página "https://conteudo.qarti.com.br/conheca-a-qarti?utm_source=google&utm_medium=cpc&utm_campaign=hr-pesquisa-servicos&utm_term=testes-automatizados&utm_content=pesquisa&gad_source=1&gad_campaignid=22515379863&gbraid=0AAAAA-kBw5PO5OQH57-QB102QFeUpk6xj&gclid=Cj0KCQjwgKjHBhChARIsAPJR3xfW1e3LWPVQdcoVEijL2R8E1bLsWtWAKfdg5gfMEelmE4JoU4GKD58aAierEALw_wcB".passed
When ele preenche os campos do formulário:..................................passed
And clica no botão "Quero entrar em contato"................................passed
Then a página "Obrigada pelo interesse em nossos serviços" deve ser exibida.passed
]]></system-out>
</testcase>
</testsuite>
